<?xml version="1.0" encoding="UTF-8"?>
<robot generator="Robot 6.0.1 (Python 3.9.7 on win32)" generated="20221213 23:23:06.471" rpa="false" schemaversion="3">
<suite id="s1" name="Compra" source="C:\Users\ivana\PycharmProjects\RobotLoja\compra.robot">
<test id="s1-t1" name="Compra de bolsa" line="18">
<kw name="Dado que acesso o site Saucedemo">
<kw name="Open Browser" library="SeleniumLibrary">
<arg>${url}</arg>
<arg>${browser}</arg>
<doc>Opens a new browser instance to the optional ``url``.</doc>
<msg timestamp="20221213 23:23:06.643" level="INFO">Opening browser 'Chrome' to base url 'https://www.saucedemo.com/'.</msg>
<status status="PASS" starttime="20221213 23:23:06.643" endtime="20221213 23:23:07.820"/>
</kw>
<kw name="Wait Until Element Is Visible" library="SeleniumLibrary">
<arg>name:login-button</arg>
<doc>Waits until the element ``locator`` is visible.</doc>
<status status="PASS" starttime="20221213 23:23:07.821" endtime="20221213 23:23:07.843"/>
</kw>
<kw name="Wait For Condition" library="SeleniumLibrary">
<arg>return document.title == "Swag Labs"</arg>
<doc>Waits until ``condition`` is true or ``timeout`` expires.</doc>
<status status="PASS" starttime="20221213 23:23:07.843" endtime="20221213 23:23:07.849"/>
</kw>
<status status="PASS" starttime="20221213 23:23:06.643" endtime="20221213 23:23:07.849"/>
</kw>
<kw name="E realizo o login">
<kw name="Input Text" library="SeleniumLibrary">
<arg>name:user-name</arg>
<arg>${username}</arg>
<doc>Types the given ``text`` into the text field identified by ``locator``.</doc>
<msg timestamp="20221213 23:23:07.849" level="INFO">Typing text 'standard_user' into text field 'name:user-name'.</msg>
<status status="PASS" starttime="20221213 23:23:07.849" endtime="20221213 23:23:07.929"/>
</kw>
<kw name="Input Password" library="SeleniumLibrary">
<arg>name:password</arg>
<arg>${password}</arg>
<doc>Types the given password into the text field identified by ``locator``.</doc>
<msg timestamp="20221213 23:23:07.929" level="INFO">Typing password into text field 'name:password'.</msg>
<msg timestamp="20221213 23:23:07.972" level="INFO">Temporally setting log level to: NONE</msg>
<msg timestamp="20221213 23:23:08.014" level="INFO">Log level changed from NONE to INFO.</msg>
<status status="PASS" starttime="20221213 23:23:07.929" endtime="20221213 23:23:08.022"/>
</kw>
<kw name="Click Button" library="SeleniumLibrary">
<arg>name:login-button</arg>
<doc>Clicks the button identified by ``locator``.</doc>
<msg timestamp="20221213 23:23:08.023" level="INFO">Clicking button 'name:login-button'.</msg>
<status status="PASS" starttime="20221213 23:23:08.022" endtime="20221213 23:23:08.110"/>
</kw>
<kw name="Wait Until Element Is Visible" library="SeleniumLibrary">
<arg>class:title</arg>
<doc>Waits until the element ``locator`` is visible.</doc>
<status status="PASS" starttime="20221213 23:23:08.110" endtime="20221213 23:23:08.138"/>
</kw>
<status status="PASS" starttime="20221213 23:23:07.849" endtime="20221213 23:23:08.138"/>
</kw>
<kw name="Quando seleciono o filtro &quot;mais barato para o mais caro&quot;">
<kw name="Select From List By Label" library="SeleniumLibrary">
<arg>class:product_sort_container</arg>
<arg>Price (low to high)</arg>
<doc>Selects options from selection list ``locator`` by ``labels``.</doc>
<msg timestamp="20221213 23:23:08.139" level="INFO">Selecting options from selection list 'class:product_sort_container' by label Price (low to high).</msg>
<status status="PASS" starttime="20221213 23:23:08.139" endtime="20221213 23:23:08.202"/>
</kw>
<kw name="Element Should Be Visible" library="SeleniumLibrary">
<arg>class:inventory_item:nth-child(1) &gt;&gt; class:inventory_item_name</arg>
<arg>Sauce Labs Onesie</arg>
<doc>Verifies that the element identified by ``locator`` is visible.</doc>
<msg timestamp="20221213 23:23:08.221" level="INFO">Element 'class:inventory_item:nth-child(1) &gt;&gt; class:inventory_item_name' is displayed.</msg>
<status status="PASS" starttime="20221213 23:23:08.202" endtime="20221213 23:23:08.221"/>
</kw>
<status status="PASS" starttime="20221213 23:23:08.139" endtime="20221213 23:23:08.221"/>
</kw>
<kw name="E seleciono &quot;add to cart&quot; no item desejado">
<kw name="Click Button" library="SeleniumLibrary">
<arg>id:add-to-cart-sauce-labs-onesie</arg>
<doc>Clicks the button identified by ``locator``.</doc>
<msg timestamp="20221213 23:23:08.221" level="INFO">Clicking button 'id:add-to-cart-sauce-labs-onesie'.</msg>
<status status="PASS" starttime="20221213 23:23:08.221" endtime="20221213 23:23:08.268"/>
</kw>
<status status="PASS" starttime="20221213 23:23:08.221" endtime="20221213 23:23:08.268"/>
</kw>
<kw name="E acesso o carrinho">
<kw name="Click Link" library="SeleniumLibrary">
<arg>class:shopping_cart_link</arg>
<doc>Clicks a link identified by ``locator``.</doc>
<msg timestamp="20221213 23:23:08.269" level="INFO">Clicking link 'class:shopping_cart_link'.</msg>
<status status="PASS" starttime="20221213 23:23:08.268" endtime="20221213 23:23:08.314"/>
</kw>
<kw name="Element Should Contain" library="SeleniumLibrary">
<arg>class:title</arg>
<arg>YOUR CART</arg>
<doc>Verifies that element ``locator`` contains text ``expected``.</doc>
<msg timestamp="20221213 23:23:08.332" level="INFO">Element 'class:title' contains text 'YOUR CART'.</msg>
<status status="PASS" starttime="20221213 23:23:08.315" endtime="20221213 23:23:08.332"/>
</kw>
<status status="PASS" starttime="20221213 23:23:08.268" endtime="20221213 23:23:08.332"/>
</kw>
<kw name="E seleciono &quot;Checkout&quot; no carrinho">
<kw name="Click Button" library="SeleniumLibrary">
<arg>id:checkout</arg>
<doc>Clicks the button identified by ``locator``.</doc>
<msg timestamp="20221213 23:23:08.333" level="INFO">Clicking button 'id:checkout'.</msg>
<status status="PASS" starttime="20221213 23:23:08.333" endtime="20221213 23:23:08.373"/>
</kw>
<status status="PASS" starttime="20221213 23:23:08.333" endtime="20221213 23:23:08.373"/>
</kw>
<kw name="E preencho os dados para continuar">
<kw name="Input Text" library="SeleniumLibrary">
<arg>id:first-name</arg>
<arg>${first_name}</arg>
<doc>Types the given ``text`` into the text field identified by ``locator``.</doc>
<msg timestamp="20221213 23:23:08.374" level="INFO">Typing text 'Zoah' into text field 'id:first-name'.</msg>
<status status="PASS" starttime="20221213 23:23:08.374" endtime="20221213 23:23:08.432"/>
</kw>
<kw name="Input Text" library="SeleniumLibrary">
<arg>id:last-name</arg>
<arg>${last_name}</arg>
<doc>Types the given ``text`` into the text field identified by ``locator``.</doc>
<msg timestamp="20221213 23:23:08.433" level="INFO">Typing text 'Zoah' into text field 'id:last-name'.</msg>
<status status="PASS" starttime="20221213 23:23:08.432" endtime="20221213 23:23:08.494"/>
</kw>
<kw name="Input Text" library="SeleniumLibrary">
<arg>id:postal-code</arg>
<arg>${cep_zip}</arg>
<doc>Types the given ``text`` into the text field identified by ``locator``.</doc>
<msg timestamp="20221213 23:23:08.495" level="INFO">Typing text '00004511' into text field 'id:postal-code'.</msg>
<status status="PASS" starttime="20221213 23:23:08.495" endtime="20221213 23:23:08.552"/>
</kw>
<kw name="Click Button" library="SeleniumLibrary">
<arg>id:continue</arg>
<doc>Clicks the button identified by ``locator``.</doc>
<msg timestamp="20221213 23:23:08.553" level="INFO">Clicking button 'id:continue'.</msg>
<status status="PASS" starttime="20221213 23:23:08.552" endtime="20221213 23:23:08.596"/>
</kw>
<status status="PASS" starttime="20221213 23:23:08.374" endtime="20221213 23:23:08.596"/>
</kw>
<kw name="E finalizo a compra">
<kw name="Element Text Should Be" library="SeleniumLibrary">
<arg>class:title</arg>
<arg>CHECKOUT: OVERVIEW</arg>
<doc>Verifies that element ``locator`` contains exact the text ``expected``.</doc>
<msg timestamp="20221213 23:23:08.597" level="INFO">Verifying element 'class:title' contains exact text 'CHECKOUT: OVERVIEW'.</msg>
<status status="PASS" starttime="20221213 23:23:08.596" endtime="20221213 23:23:08.609"/>
</kw>
<kw name="Click Button" library="SeleniumLibrary">
<arg>id:finish</arg>
<doc>Clicks the button identified by ``locator``.</doc>
<msg timestamp="20221213 23:23:08.610" level="INFO">Clicking button 'id:finish'.</msg>
<status status="PASS" starttime="20221213 23:23:08.609" endtime="20221213 23:23:08.648"/>
</kw>
<status status="PASS" starttime="20221213 23:23:08.596" endtime="20221213 23:23:08.649"/>
</kw>
<kw name="Então exibe a mensagem &quot;THANK YOU FOR YOUR ORDER&quot;">
<kw name="Element Text Should Be" library="SeleniumLibrary">
<arg>class:complete-header</arg>
<arg>THANK YOU FOR YOUR ORDER</arg>
<doc>Verifies that element ``locator`` contains exact the text ``expected``.</doc>
<msg timestamp="20221213 23:23:08.650" level="INFO">Verifying element 'class:complete-header' contains exact text 'THANK YOU FOR YOUR ORDER'.</msg>
<status status="PASS" starttime="20221213 23:23:08.649" endtime="20221213 23:23:08.665"/>
</kw>
<status status="PASS" starttime="20221213 23:23:08.649" endtime="20221213 23:23:08.665"/>
</kw>
<kw name="Encerrar" type="TEARDOWN">
<kw name="Close Browser" library="SeleniumLibrary">
<doc>Closes the current browser.</doc>
<status status="PASS" starttime="20221213 23:23:08.666" endtime="20221213 23:23:10.725"/>
</kw>
<status status="PASS" starttime="20221213 23:23:08.665" endtime="20221213 23:23:10.725"/>
</kw>
<tag>SMOKE</tag>
<status status="PASS" starttime="20221213 23:23:06.643" endtime="20221213 23:23:10.725"/>
</test>
<doc>Fluxo de compra no site SauceDemo</doc>
<status status="PASS" starttime="20221213 23:23:06.486" endtime="20221213 23:23:10.725"/>
</suite>
<statistics>
<total>
<stat pass="1" fail="0" skip="0">All Tests</stat>
</total>
<tag>
<stat pass="1" fail="0" skip="0">SMOKE</stat>
</tag>
<suite>
<stat pass="1" fail="0" skip="0" id="s1" name="Compra">Compra</stat>
</suite>
</statistics>
<errors>
</errors>
</robot>
